PHP Warning:  PHP Startup: Unable to load dynamic library 'oci8' (tried: /usr/local/lib/php/extensions/no-debug-non-zts-20190902/oci8 (/usr/local/lib/php/extensions/no-debug-non-zts-20190902/oci8: cannot open shared object file: No such file or directory), /usr/local/lib/php/extensions/no-debug-non-zts-20190902/oci8.so (libnnz21.so: cannot open shared object file: No such file or directory)) in Unknown on line 0
Could not open input file: admin/cli/cron.php
PHP Warning:  PHP Startup: Unable to load dynamic library 'oci8' (tried: /usr/local/lib/php/extensions/no-debug-non-zts-20190902/oci8 (/usr/local/lib/php/extensions/no-debug-non-zts-20190902/oci8: cannot open shared object file: No such file or directory), /usr/local/lib/php/extensions/no-debug-non-zts-20190902/oci8.so (libnnz21.so: cannot open shared object file: No such file or directory)) in Unknown on line 0
!!! <p>Error: database driver problem detected</p>
<p>The site administrator should verify server configuration</p><p>Unknown driver native/</p> !!!

Debug info: 
Error code: dbdriverproblem
Stack trace: * line 336 of /lib/dmllib.php: dml_exception thrown
* line 640 of /lib/setup.php: call to setup_DB()
* line 69 of /config.php: call to require_once()
* line 33 of /admin/cli/cron.php: call to require()
PHP Warning:  PHP Startup: Unable to load dynamic library 'oci8' (tried: /usr/local/lib/php/extensions/no-debug-non-zts-20190902/oci8 (/usr/local/lib/php/extensions/no-debug-non-zts-20190902/oci8: cannot open shared object file: No such file or directory), /usr/local/lib/php/extensions/no-debug-non-zts-20190902/oci8.so (libnnz21.so: cannot open shared object file: No such file or directory)) in Unknown on line 0
!!! <p>Error: database driver problem detected</p>
<p>The site administrator should verify server configuration</p><p>Unknown driver native/</p> !!!

Debug info: 
Error code: dbdriverproblem
Stack trace: * line 336 of /lib/dmllib.php: dml_exception thrown
* line 640 of /lib/setup.php: call to setup_DB()
* line 69 of /config.php: call to require_once()
* line 33 of /admin/cli/cron.php: call to require()
PHP Warning:  PHP Startup: Unable to load dynamic library 'oci8' (tried: /usr/local/lib/php/extensions/no-debug-non-zts-20190902/oci8 (/usr/local/lib/php/extensions/no-debug-non-zts-20190902/oci8: cannot open shared object file: No such file or directory), /usr/local/lib/php/extensions/no-debug-non-zts-20190902/oci8.so (libnnz21.so: cannot open shared object file: No such file or directory)) in Unknown on line 0
!!! <p>Error: database driver problem detected</p>
<p>The site administrator should verify server configuration</p><p>Unknown driver native/</p> !!!

Debug info: 
Error code: dbdriverproblem
Stack trace: * line 336 of /lib/dmllib.php: dml_exception thrown
* line 640 of /lib/setup.php: call to setup_DB()
* line 69 of /config.php: call to require_once()
* line 33 of /admin/cli/cron.php: call to require()
PHP Warning:  PHP Startup: Unable to load dynamic library 'oci8' (tried: /usr/local/lib/php/extensions/no-debug-non-zts-20190902/oci8 (/usr/local/lib/php/extensions/no-debug-non-zts-20190902/oci8: cannot open shared object file: No such file or directory), /usr/local/lib/php/extensions/no-debug-non-zts-20190902/oci8.so (libnnz21.so: cannot open shared object file: No such file or directory)) in Unknown on line 0
!!! <p>Error: database driver problem detected</p>
<p>The site administrator should verify server configuration</p><p>Unknown driver native/</p> !!!

Debug info: 
Error code: dbdriverproblem
Stack trace: * line 336 of /lib/dmllib.php: dml_exception thrown
* line 640 of /lib/setup.php: call to setup_DB()
* line 69 of /config.php: call to require_once()
* line 33 of /admin/cli/cron.php: call to require()
PHP Warning:  PHP Startup: Unable to load dynamic library 'oci8' (tried: /usr/local/lib/php/extensions/no-debug-non-zts-20190902/oci8 (/usr/local/lib/php/extensions/no-debug-non-zts-20190902/oci8: cannot open shared object file: No such file or directory), /usr/local/lib/php/extensions/no-debug-non-zts-20190902/oci8.so (libnnz21.so: cannot open shared object file: No such file or directory)) in Unknown on line 0
!!! <p>Error: database driver problem detected</p>
<p>The site administrator should verify server configuration</p><p>Unknown driver native/</p> !!!

Debug info: 
Error code: dbdriverproblem
Stack trace: * line 336 of /lib/dmllib.php: dml_exception thrown
* line 640 of /lib/setup.php: call to setup_DB()
* line 69 of /config.php: call to require_once()
* line 33 of /admin/cli/cron.php: call to require()
PHP Warning:  PHP Startup: Unable to load dynamic library 'oci8' (tried: /usr/local/lib/php/extensions/no-debug-non-zts-20190902/oci8 (/usr/local/lib/php/extensions/no-debug-non-zts-20190902/oci8: cannot open shared object file: No such file or directory), /usr/local/lib/php/extensions/no-debug-non-zts-20190902/oci8.so (libnnz21.so: cannot open shared object file: No such file or directory)) in Unknown on line 0
!!! <p>Error: database driver problem detected</p>
<p>The site administrator should verify server configuration</p><p>Unknown driver native/</p> !!!

Debug info: 
Error code: dbdriverproblem
Stack trace: * line 336 of /lib/dmllib.php: dml_exception thrown
* line 640 of /lib/setup.php: call to setup_DB()
* line 69 of /config.php: call to require_once()
* line 33 of /admin/cli/cron.php: call to require()
PHP Warning:  PHP Startup: Unable to load dynamic library 'oci8' (tried: /usr/local/lib/php/extensions/no-debug-non-zts-20190902/oci8 (/usr/local/lib/php/extensions/no-debug-non-zts-20190902/oci8: cannot open shared object file: No such file or directory), /usr/local/lib/php/extensions/no-debug-non-zts-20190902/oci8.so (libnnz21.so: cannot open shared object file: No such file or directory)) in Unknown on line 0
!!! <p>Error: database driver problem detected</p>
<p>The site administrator should verify server configuration</p><p>Unknown driver native/</p> !!!

Debug info: 
Error code: dbdriverproblem
Stack trace: * line 336 of /lib/dmllib.php: dml_exception thrown
* line 640 of /lib/setup.php: call to setup_DB()
* line 69 of /config.php: call to require_once()
* line 33 of /admin/cli/cron.php: call to require()
/var/www/html
/var/www/html
/var/www/html
/var/www/html
/var/www/html
/var/www/html
/var/www/html
/var/www/html
/var/www/html
/var/www/html
/var/www/html
/var/www/html
/var/www/html
/var/www/html
/var/www/html
/var/www/html
/var/www/html
/var/www/html
/var/www/html
